mode: set
rate_limiter/validator/validator.go:32.45,34.2 1 1
rate_limiter/validator/validator.go:36.139,47.8 7 1
rate_limiter/validator/validator.go:47.8,55.71 6 1
rate_limiter/validator/validator.go:55.71,60.4 4 1
rate_limiter/validator/validator.go:62.3,63.27 2 1
rate_limiter/validator/validator.go:64.8,73.3 6 1
rate_limiter/validator/validator.go:76.2,76.23 1 1
rate_limiter/validator/validator.go:76.23,81.3 2 1
rate_limiter/validator/validator.go:84.2,84.42 1 1
rate_limiter/validator/validator.go:84.42,87.3 2 1
rate_limiter/validator/validator.go:88.2,92.3 2 1
rate_limiter/validator/validator.go:95.45,96.45 1 1
rate_limiter/validator/validator.go:96.45,98.3 1 1
rate_limiter/validator/validator.go:99.2,99.13 1 1
rate_limiter/main.go:38.13,41.19 2 0
rate_limiter/main.go:41.19,43.3 1 0
rate_limiter/main.go:44.2,51.16 6 0
rate_limiter/main.go:51.16,53.3 1 0
rate_limiter/main.go:56.61,65.43 5 1
rate_limiter/main.go:65.43,71.3 5 1
rate_limiter/main.go:72.2,74.30 2 1
rate_limiter/main.go:74.30,78.3 3 1
rate_limiter/main.go:78.8,80.3 1 1
rate_limiter/main.go:81.2,81.37 1 1
rate_limiter/main.go:84.67,87.18 3 1
rate_limiter/main.go:90.14,95.44 4 1
rate_limiter/main.go:95.44,101.4 5 1
rate_limiter/main.go:105.3,105.38 1 1
rate_limiter/main.go:105.38,111.4 5 1
rate_limiter/main.go:113.3,119.72 4 1
rate_limiter/main.go:120.10,123.42 3 1
rate_limiter/main.go:126.2,126.37 1 1
