mode: set
rate_limiter/validator/validator.go:32.45,34.2 1 1
rate_limiter/validator/validator.go:36.139,47.8 7 1
rate_limiter/validator/validator.go:47.8,55.71 6 1
rate_limiter/validator/validator.go:55.71,60.4 4 1
rate_limiter/validator/validator.go:62.3,63.27 2 1
rate_limiter/validator/validator.go:64.8,67.3 1 1
rate_limiter/validator/validator.go:70.2,70.23 1 1
rate_limiter/validator/validator.go:70.23,75.3 2 1
rate_limiter/validator/validator.go:78.2,78.42 1 1
rate_limiter/validator/validator.go:78.42,81.3 2 1
rate_limiter/validator/validator.go:82.2,86.3 2 1
rate_limiter/validator/validator.go:89.45,90.45 1 1
rate_limiter/validator/validator.go:90.45,92.3 1 1
rate_limiter/validator/validator.go:93.2,93.13 1 1
rate_limiter/main.go:27.13,30.19 2 0
rate_limiter/main.go:30.19,32.3 1 0
rate_limiter/main.go:33.2,40.16 6 0
rate_limiter/main.go:40.16,42.3 1 0
rate_limiter/main.go:45.61,54.43 5 1
rate_limiter/main.go:54.43,60.3 5 1
rate_limiter/main.go:61.2,73.30 4 1
rate_limiter/main.go:73.30,77.3 3 1
rate_limiter/main.go:77.8,79.3 1 1
rate_limiter/main.go:80.2,80.37 1 1
rate_limiter/main.go:83.67,86.18 3 1
rate_limiter/main.go:89.14,94.44 4 1
rate_limiter/main.go:94.44,100.4 5 1
rate_limiter/main.go:104.3,104.38 1 1
rate_limiter/main.go:104.38,110.4 5 1
rate_limiter/main.go:112.3,118.72 4 1
rate_limiter/main.go:119.10,122.42 3 1
rate_limiter/main.go:125.2,125.37 1 1
